<?xml version="1.0" encoding="UTF-8"?>
<!-- Generated by org.testng.reporters.JUnitReportReporter -->
<testsuite hostname="RSIPLM2" failures="0" tests="1" name="TestCases.deleteById" time="3.445" errors="0" timestamp="2025-08-12T09:42:15 IST" skipped="0">
  <testcase classname="TestCases.deleteById" name="getBookings" time="3.445"/>
  <system-out/>
</testsuite> <!-- TestCases.deleteById -->
