<?xml version="1.0" encoding="UTF-8"?>
<!-- Generated by org.testng.reporters.JUnitReportReporter -->
<testsuite hostname="LAPTOP-03TNLJD7" failures="0" tests="1" name="TestCases.getBookingList" time="4.667" errors="0" timestamp="2025-08-15T23:44:30 IST" skipped="0">
  <testcase classname="TestCases.getBookingList" name="getBookings" time="4.667"/>
  <system-out/>
</testsuite> <!-- TestCases.getBookingList -->
