<?xml version="1.0" encoding="UTF-8"?>
<!-- Generated by org.testng.reporters.JUnitReportReporter -->
<testsuite hostname="RSIPLM2" failures="0" tests="1" name="TestCases.postRequest" time="8.072" errors="0" timestamp="2025-08-12T09:40:48 IST" skipped="0">
  <testcase classname="TestCases.postRequest" name="post" time="8.072"/>
  <system-out/>
</testsuite> <!-- TestCases.postRequest -->
