<?xml version="1.0" encoding="UTF-8"?>
<!-- Generated by org.testng.reporters.JUnitReportReporter -->
<testsuite hostname="RSIPLM2" failures="0" tests="1" name="TestCases.getBookingListByClass" time="3.541" errors="0" timestamp="2025-08-12T09:42:03 IST" skipped="0">
  <testcase classname="TestCases.getBookingListByClass" name="getBookings" time="3.541"/>
  <system-out/>
</testsuite> <!-- TestCases.getBookingListByClass -->
