<?xml version="1.0" encoding="UTF-8"?>
<!-- Generated by org.testng.reporters.JUnitReportReporter -->
<testsuite hostname="RSIPLM2" failures="0" tests="1" name="TestCases.getBookingListById" time="3.483" errors="0" timestamp="2025-08-12T09:41:48 IST" skipped="0">
  <testcase classname="TestCases.getBookingListById" name="getBookings" time="3.483"/>
  <system-out/>
</testsuite> <!-- TestCases.getBookingListById -->
